Performing C++ SOURCE FILE Test CMAKE_HAVE_LIBC_PTHREAD failed with the following output:
Change Dir: /home/shijinglei/projects/resize_test/build/CMakeFiles/CMakeTmp

Run Build Command(s):/usr/bin/make -f Makefile cmTC_2cbd5/fast && /usr/bin/make  -f CMakeFiles/cmTC_2cbd5.dir/build.make CMakeFiles/cmTC_2cbd5.dir/build
make[1]: Entering directory '/home/shijinglei/projects/resize_test/build/CMakeFiles/CMakeTmp'
Building CXX object CMakeFiles/cmTC_2cbd5.dir/src.cxx.o
/usr/bin/c++ -DCMAKE_HAVE_LIBC_PTHREAD   -o CMakeFiles/cmTC_2cbd5.dir/src.cxx.o -c /home/shijinglei/projects/resize_test/build/CMakeFiles/CMakeTmp/src.cxx
Linking CXX executable cmTC_2cbd5
/usr/bin/cmake -E cmake_link_script CMakeFiles/cmTC_2cbd5.dir/link.txt --verbose=1
/usr/bin/c++ CMakeFiles/cmTC_2cbd5.dir/src.cxx.o -o cmTC_2cbd5 
/usr/bin/ld: CMakeFiles/cmTC_2cbd5.dir/src.cxx.o: in function `main':
src.cxx:(.text+0x3e): undefined reference to `pthread_create'
/usr/bin/ld: src.cxx:(.text+0x4a): undefined reference to `pthread_detach'
/usr/bin/ld: src.cxx:(.text+0x56): undefined reference to `pthread_cancel'
/usr/bin/ld: src.cxx:(.text+0x67): undefined reference to `pthread_join'
collect2: error: ld returned 1 exit status
make[1]: *** [CMakeFiles/cmTC_2cbd5.dir/build.make:99: cmTC_2cbd5] Error 1
make[1]: Leaving directory '/home/shijinglei/projects/resize_test/build/CMakeFiles/CMakeTmp'
make: *** [Makefile:127: cmTC_2cbd5/fast] Error 2


Source file was:
#include <pthread.h>

static void* test_func(void* data)
{
  return data;
}

int main(void)
{
  pthread_t thread;
  pthread_create(&thread, NULL, test_func, NULL);
  pthread_detach(thread);
  pthread_cancel(thread);
  pthread_join(thread, NULL);
  pthread_atfork(NULL, NULL, NULL);
  pthread_exit(NULL);

  return 0;
}

Determining if the function pthread_create exists in the pthreads failed with the following output:
Change Dir: /home/shijinglei/projects/resize_test/build/CMakeFiles/CMakeTmp

Run Build Command(s):/usr/bin/make -f Makefile cmTC_c9e4e/fast && /usr/bin/make  -f CMakeFiles/cmTC_c9e4e.dir/build.make CMakeFiles/cmTC_c9e4e.dir/build
make[1]: Entering directory '/home/shijinglei/projects/resize_test/build/CMakeFiles/CMakeTmp'
Building CXX object CMakeFiles/cmTC_c9e4e.dir/CheckFunctionExists.cxx.o
/usr/bin/c++   -DCHECK_FUNCTION_EXISTS=pthread_create -o CMakeFiles/cmTC_c9e4e.dir/CheckFunctionExists.cxx.o -c /home/shijinglei/projects/resize_test/build/CMakeFiles/CheckLibraryExists/CheckFunctionExists.cxx
Linking CXX executable cmTC_c9e4e
/usr/bin/cmake -E cmake_link_script CMakeFiles/cmTC_c9e4e.dir/link.txt --verbose=1
/usr/bin/c++  -DCHECK_FUNCTION_EXISTS=pthread_create CMakeFiles/cmTC_c9e4e.dir/CheckFunctionExists.cxx.o -o cmTC_c9e4e  -lpthreads 
/usr/bin/ld: cannot find -lpthreads
collect2: error: ld returned 1 exit status
make[1]: *** [CMakeFiles/cmTC_c9e4e.dir/build.make:99: cmTC_c9e4e] Error 1
make[1]: Leaving directory '/home/shijinglei/projects/resize_test/build/CMakeFiles/CMakeTmp'
make: *** [Makefile:127: cmTC_c9e4e/fast] Error 2



